<?xml version="1.0" encoding="UTF-8"?>
<testsuites name="jest tests" tests="12" failures="12" time="27.287">
  <testsuite name="React Instagram APP" errors="0" failures="12" skipped="0" timestamp="2020-06-03T02:01:32" time="11.964" tests="12">
    <testcase classname="React Instagram APP Folder Strucutre and data-test-id attributes should should render properly the &lt;Loading&gt; component" name="React Instagram APP Folder Strucutre and data-test-id attributes should should render properly the &lt;Loading&gt; component" time="0.129">
      <failure>Error: Unable to find an element by: [data-testid=&quot;loading&quot;]

&lt;body&gt;
  &lt;div&gt;
    &lt;div
      class=&quot;loading&quot;
    &gt;
      &lt;div
        class=&quot;preloader&quot;
      &gt;
        &lt;span /&gt;
        &lt;span /&gt;
        &lt;span /&gt;
        &lt;span /&gt;
        &lt;span /&gt;
        &lt;span /&gt;
      &lt;/div&gt;
      Carregando
    &lt;/div&gt;
  &lt;/div&gt;
&lt;/body&gt;
    at Object.getElementError (/Users/variel/codenation/react-15/node_modules/@testing-library/dom/dist/config.js:34:12)
    at args (/Users/variel/codenation/react-15/node_modules/@testing-library/dom/dist/query-helpers.js:71:38)
    at getByTestId (/Users/variel/codenation/react-15/node_modules/@testing-library/dom/dist/query-helpers.js:54:17)
    at Object.it (/Users/variel/codenation/react-15/src/__tests__/submit.test.js:39:25)
    at Object.asyncJestTest (/Users/variel/codenation/react-15/node_modules/jest-jasmine2/build/jasmineAsyncInstall.js:102:37)
    at resolve (/Users/variel/codenation/react-15/node_modules/jest-jasmine2/build/queueRunner.js:43:12)
    at new Promise (&lt;anonymous&gt;)
    at mapper (/Users/variel/codenation/react-15/node_modules/jest-jasmine2/build/queueRunner.js:26:19)
    at promise.then (/Users/variel/codenation/react-15/node_modules/jest-jasmine2/build/queueRunner.js:73:41)
    at &lt;anonymous&gt;
    at process._tickCallback (internal/process/next_tick.js:118:7)</failure>
    </testcase>
    <testcase classname="React Instagram APP Folder Strucutre and data-test-id attributes should should render properly the &lt;Post&gt; component" name="React Instagram APP Folder Strucutre and data-test-id attributes should should render properly the &lt;Post&gt; component" time="0.179">
      <failure>Error: Unable to find an element by: [data-testid=&quot;post&quot;]

&lt;body&gt;
  &lt;div&gt;
    &lt;article
      class=&quot;post&quot;
    /&gt;
  &lt;/div&gt;
&lt;/body&gt;
    at Object.getElementError (/Users/variel/codenation/react-15/node_modules/@testing-library/dom/dist/config.js:34:12)
    at args (/Users/variel/codenation/react-15/node_modules/@testing-library/dom/dist/query-helpers.js:71:38)
    at getByTestId (/Users/variel/codenation/react-15/node_modules/@testing-library/dom/dist/query-helpers.js:54:17)
    at Object.it (/Users/variel/codenation/react-15/src/__tests__/submit.test.js:55:25)
    at Object.asyncJestTest (/Users/variel/codenation/react-15/node_modules/jest-jasmine2/build/jasmineAsyncInstall.js:102:37)
    at resolve (/Users/variel/codenation/react-15/node_modules/jest-jasmine2/build/queueRunner.js:43:12)
    at new Promise (&lt;anonymous&gt;)
    at mapper (/Users/variel/codenation/react-15/node_modules/jest-jasmine2/build/queueRunner.js:26:19)
    at promise.then (/Users/variel/codenation/react-15/node_modules/jest-jasmine2/build/queueRunner.js:73:41)
    at &lt;anonymous&gt;</failure>
    </testcase>
    <testcase classname="React Instagram APP Folder Strucutre and data-test-id attributes should should render properly the &lt;Story&gt; component" name="React Instagram APP Folder Strucutre and data-test-id attributes should should render properly the &lt;Story&gt; component" time="0.007">
      <failure>Error: Unable to find an element by: [data-testid=&quot;story&quot;]

&lt;body&gt;
  &lt;div&gt;
    &lt;section
      class=&quot;story&quot;
    &gt;
      &lt;div
        class=&quot;container&quot;
      /&gt;
    &lt;/section&gt;
  &lt;/div&gt;
&lt;/body&gt;
    at Object.getElementError (/Users/variel/codenation/react-15/node_modules/@testing-library/dom/dist/config.js:34:12)
    at args (/Users/variel/codenation/react-15/node_modules/@testing-library/dom/dist/query-helpers.js:71:38)
    at getByTestId (/Users/variel/codenation/react-15/node_modules/@testing-library/dom/dist/query-helpers.js:54:17)
    at Object.it (/Users/variel/codenation/react-15/src/__tests__/submit.test.js:72:25)
    at Object.asyncJestTest (/Users/variel/codenation/react-15/node_modules/jest-jasmine2/build/jasmineAsyncInstall.js:102:37)
    at resolve (/Users/variel/codenation/react-15/node_modules/jest-jasmine2/build/queueRunner.js:43:12)
    at new Promise (&lt;anonymous&gt;)
    at mapper (/Users/variel/codenation/react-15/node_modules/jest-jasmine2/build/queueRunner.js:26:19)
    at promise.then (/Users/variel/codenation/react-15/node_modules/jest-jasmine2/build/queueRunner.js:73:41)
    at &lt;anonymous&gt;</failure>
    </testcase>
    <testcase classname="React Instagram APP Folder Strucutre and data-test-id attributes should should render properly the &lt;SuccessMessage&gt; component" name="React Instagram APP Folder Strucutre and data-test-id attributes should should render properly the &lt;SuccessMessage&gt; component" time="0.02">
      <failure>Error: Unable to find an element by: [data-testid=&quot;success-message&quot;]

&lt;body&gt;
  &lt;div&gt;
    &lt;div
      class=&quot;success-message&quot;
    &gt;
      &lt;svg
        class=&quot;successAnimation animated&quot;
        height=&quot;70&quot;
        viewBox=&quot;0 0 70 70&quot;
        width=&quot;70&quot;
        xmlns=&quot;http://www.w3.org/2000/svg&quot;
      &gt;
        &lt;path
          class=&quot;successAnimationResult&quot;
          d=&quot;M35,60 C21.1928813,60 10,48.8071187 10,35 C10,21.1928813 21.1928813,10 35,10 C48.8071187,10 60,21.1928813 60,35 C60,48.8071187 48.8071187,60 35,60 Z M23.6332378,33.2260427 L22.3667622,34.7739573 L34.1433655,44.40936 L47.776114,27.6305926 L46.223886,26.3694074 L33.8566345,41.59064 L23.6332378,33.2260427 Z&quot;
          fill=&quot;#ffffff&quot;
        /&gt;
        &lt;circle
          class=&quot;successAnimationCircle&quot;
          cx=&quot;35&quot;
          cy=&quot;35&quot;
          fill=&quot;transparent&quot;
          r=&quot;24&quot;
          stroke=&quot;#000000&quot;
          stroke-linecap=&quot;round&quot;
          stroke-width=&quot;2&quot;
        /&gt;
        &lt;polyline
          class=&quot;successAnimationCheck&quot;
          fill=&quot;transparent&quot;
          points=&quot;23 34 34 43 47 27&quot;
          stroke=&quot;#000000&quot;
          stroke-width=&quot;2&quot;
        /&gt;
      &lt;/svg&gt;
      &lt;h2
        class=&quot;success-message__title&quot;
      &gt;
        Usuário Cadastrado!
      &lt;/h2&gt;
      &lt;div
        class=&quot;success-message__content&quot;
      &gt;
        &lt;p&gt;
          Visite a página 
          &lt;a
            href=&quot;/users&quot;
          &gt;
            users
          &lt;/a&gt;
           para visualizar o novo usuário
        &lt;/p&gt;
      &lt;/div&gt;
    &lt;/div&gt;
  &lt;/div&gt;
&lt;/body&gt;
    at Object.getElementError (/Users/variel/codenation/react-15/node_modules/@testing-library/dom/dist/config.js:34:12)
    at args (/Users/variel/codenation/react-15/node_modules/@testing-library/dom/dist/query-helpers.js:71:38)
    at getByTestId (/Users/variel/codenation/react-15/node_modules/@testing-library/dom/dist/query-helpers.js:54:17)
    at Object.it (/Users/variel/codenation/react-15/src/__tests__/submit.test.js:83:25)
    at Object.asyncJestTest (/Users/variel/codenation/react-15/node_modules/jest-jasmine2/build/jasmineAsyncInstall.js:102:37)
    at resolve (/Users/variel/codenation/react-15/node_modules/jest-jasmine2/build/queueRunner.js:43:12)
    at new Promise (&lt;anonymous&gt;)
    at mapper (/Users/variel/codenation/react-15/node_modules/jest-jasmine2/build/queueRunner.js:26:19)
    at promise.then (/Users/variel/codenation/react-15/node_modules/jest-jasmine2/build/queueRunner.js:73:41)
    at &lt;anonymous&gt;</failure>
    </testcase>
    <testcase classname="React Instagram APP Folder Strucutre and data-test-id attributes should should render properly the &lt;Topbar&gt; component" name="React Instagram APP Folder Strucutre and data-test-id attributes should should render properly the &lt;Topbar&gt; component" time="0.005">
      <failure>Error: Unable to find an element by: [data-testid=&quot;topbar&quot;]

&lt;body&gt;
  &lt;div&gt;
    &lt;header
      class=&quot;topbar&quot;
    &gt;
      &lt;div
        class=&quot;container&quot;
      &gt;
        &lt;svg
          class=&quot;topbar__logo&quot;
        &gt;
          instagram-logo.svg
        &lt;/svg&gt;
      &lt;/div&gt;
    &lt;/header&gt;
  &lt;/div&gt;
&lt;/body&gt;
    at Object.getElementError (/Users/variel/codenation/react-15/node_modules/@testing-library/dom/dist/config.js:34:12)
    at args (/Users/variel/codenation/react-15/node_modules/@testing-library/dom/dist/query-helpers.js:71:38)
    at getByTestId (/Users/variel/codenation/react-15/node_modules/@testing-library/dom/dist/query-helpers.js:54:17)
    at Object.it (/Users/variel/codenation/react-15/src/__tests__/submit.test.js:94:25)
    at Object.asyncJestTest (/Users/variel/codenation/react-15/node_modules/jest-jasmine2/build/jasmineAsyncInstall.js:102:37)
    at resolve (/Users/variel/codenation/react-15/node_modules/jest-jasmine2/build/queueRunner.js:43:12)
    at new Promise (&lt;anonymous&gt;)
    at mapper (/Users/variel/codenation/react-15/node_modules/jest-jasmine2/build/queueRunner.js:26:19)
    at promise.then (/Users/variel/codenation/react-15/node_modules/jest-jasmine2/build/queueRunner.js:73:41)
    at &lt;anonymous&gt;</failure>
    </testcase>
    <testcase classname="React Instagram APP Folder Strucutre and data-test-id attributes should should render properly the &lt;User&gt; component" name="React Instagram APP Folder Strucutre and data-test-id attributes should should render properly the &lt;User&gt; component" time="0.005">
      <failure>Error: Unable to find an element by: [data-testid=&quot;user&quot;]

&lt;body&gt;
  &lt;div&gt;
    &lt;article
      class=&quot;post&quot;
    &gt;
      &lt;header
        class=&quot;post__header&quot;
      /&gt;
    &lt;/article&gt;
  &lt;/div&gt;
&lt;/body&gt;
    at Object.getElementError (/Users/variel/codenation/react-15/node_modules/@testing-library/dom/dist/config.js:34:12)
    at args (/Users/variel/codenation/react-15/node_modules/@testing-library/dom/dist/query-helpers.js:71:38)
    at getByTestId (/Users/variel/codenation/react-15/node_modules/@testing-library/dom/dist/query-helpers.js:54:17)
    at Object.it (/Users/variel/codenation/react-15/src/__tests__/submit.test.js:113:25)
    at Object.asyncJestTest (/Users/variel/codenation/react-15/node_modules/jest-jasmine2/build/jasmineAsyncInstall.js:102:37)
    at resolve (/Users/variel/codenation/react-15/node_modules/jest-jasmine2/build/queueRunner.js:43:12)
    at new Promise (&lt;anonymous&gt;)
    at mapper (/Users/variel/codenation/react-15/node_modules/jest-jasmine2/build/queueRunner.js:26:19)
    at promise.then (/Users/variel/codenation/react-15/node_modules/jest-jasmine2/build/queueRunner.js:73:41)
    at &lt;anonymous&gt;</failure>
    </testcase>
    <testcase classname="React Instagram APP Folder Strucutre and data-test-id attributes should should render properly the &lt;App&gt; component" name="React Instagram APP Folder Strucutre and data-test-id attributes should should render properly the &lt;App&gt; component" time="0.008">
      <failure>Error: Unable to find an element by: [data-testid=&quot;app&quot;]

&lt;body&gt;
  &lt;div&gt;
    &lt;div&gt;
      &lt;header
        class=&quot;topbar&quot;
      &gt;
        &lt;div
          class=&quot;container&quot;
        &gt;
          &lt;svg
            class=&quot;topbar__logo&quot;
          &gt;
            instagram-logo.svg
          &lt;/svg&gt;
        &lt;/div&gt;
      &lt;/header&gt;
      &lt;section
        class=&quot;stories&quot;
      &gt;
        &lt;div
          class=&quot;container&quot;
        /&gt;
      &lt;/section&gt;
      &lt;section
        class=&quot;profile&quot;
      /&gt;
    &lt;/div&gt;
  &lt;/div&gt;
&lt;/body&gt;
    at Object.getElementError (/Users/variel/codenation/react-15/node_modules/@testing-library/dom/dist/config.js:34:12)
    at args (/Users/variel/codenation/react-15/node_modules/@testing-library/dom/dist/query-helpers.js:71:38)
    at getByTestId (/Users/variel/codenation/react-15/node_modules/@testing-library/dom/dist/query-helpers.js:54:17)
    at Object.it (/Users/variel/codenation/react-15/src/__tests__/submit.test.js:124:25)
    at Object.asyncJestTest (/Users/variel/codenation/react-15/node_modules/jest-jasmine2/build/jasmineAsyncInstall.js:102:37)
    at resolve (/Users/variel/codenation/react-15/node_modules/jest-jasmine2/build/queueRunner.js:43:12)
    at new Promise (&lt;anonymous&gt;)
    at mapper (/Users/variel/codenation/react-15/node_modules/jest-jasmine2/build/queueRunner.js:26:19)
    at promise.then (/Users/variel/codenation/react-15/node_modules/jest-jasmine2/build/queueRunner.js:73:41)
    at &lt;anonymous&gt;</failure>
    </testcase>
    <testcase classname="React Instagram APP Folder Strucutre and data-test-id attributes should should render properly the &lt;Posts&gt; component" name="React Instagram APP Folder Strucutre and data-test-id attributes should should render properly the &lt;Posts&gt; component" time="0.004">
      <failure>Error: Unable to find an element by: [data-testid=&quot;posts&quot;]

&lt;body&gt;
  &lt;div&gt;
    &lt;div
      class=&quot;container&quot;
    /&gt;
  &lt;/div&gt;
&lt;/body&gt;
    at Object.getElementError (/Users/variel/codenation/react-15/node_modules/@testing-library/dom/dist/config.js:34:12)
    at args (/Users/variel/codenation/react-15/node_modules/@testing-library/dom/dist/query-helpers.js:71:38)
    at getByTestId (/Users/variel/codenation/react-15/node_modules/@testing-library/dom/dist/query-helpers.js:54:17)
    at Object.it (/Users/variel/codenation/react-15/src/__tests__/submit.test.js:139:25)
    at Object.asyncJestTest (/Users/variel/codenation/react-15/node_modules/jest-jasmine2/build/jasmineAsyncInstall.js:102:37)
    at resolve (/Users/variel/codenation/react-15/node_modules/jest-jasmine2/build/queueRunner.js:43:12)
    at new Promise (&lt;anonymous&gt;)
    at mapper (/Users/variel/codenation/react-15/node_modules/jest-jasmine2/build/queueRunner.js:26:19)
    at promise.then (/Users/variel/codenation/react-15/node_modules/jest-jasmine2/build/queueRunner.js:73:41)
    at &lt;anonymous&gt;</failure>
    </testcase>
    <testcase classname="React Instagram APP Folder Strucutre and data-test-id attributes should should render properly the &lt;Stories&gt; component" name="React Instagram APP Folder Strucutre and data-test-id attributes should should render properly the &lt;Stories&gt; component" time="0.006">
      <failure>Error: Unable to find an element by: [data-testid=&quot;stories&quot;]

&lt;body&gt;
  &lt;div&gt;
    &lt;section
      class=&quot;stories&quot;
    &gt;
      &lt;div
        class=&quot;container&quot;
      /&gt;
    &lt;/section&gt;
  &lt;/div&gt;
&lt;/body&gt;
    at Object.getElementError (/Users/variel/codenation/react-15/node_modules/@testing-library/dom/dist/config.js:34:12)
    at args (/Users/variel/codenation/react-15/node_modules/@testing-library/dom/dist/query-helpers.js:71:38)
    at getByTestId (/Users/variel/codenation/react-15/node_modules/@testing-library/dom/dist/query-helpers.js:54:17)
    at Object.it (/Users/variel/codenation/react-15/src/__tests__/submit.test.js:155:25)
    at Object.asyncJestTest (/Users/variel/codenation/react-15/node_modules/jest-jasmine2/build/jasmineAsyncInstall.js:102:37)
    at resolve (/Users/variel/codenation/react-15/node_modules/jest-jasmine2/build/queueRunner.js:43:12)
    at new Promise (&lt;anonymous&gt;)
    at mapper (/Users/variel/codenation/react-15/node_modules/jest-jasmine2/build/queueRunner.js:26:19)
    at promise.then (/Users/variel/codenation/react-15/node_modules/jest-jasmine2/build/queueRunner.js:73:41)
    at &lt;anonymous&gt;</failure>
    </testcase>
    <testcase classname="React Instagram APP Folder Strucutre and data-test-id attributes should should render properly the &lt;UserForm&gt; component" name="React Instagram APP Folder Strucutre and data-test-id attributes should should render properly the &lt;UserForm&gt; component" time="0.003">
      <failure>Error: Unable to find an element by: [data-testid=&quot;user-form&quot;]

&lt;body&gt;
  &lt;div /&gt;
&lt;/body&gt;
    at Object.getElementError (/Users/variel/codenation/react-15/node_modules/@testing-library/dom/dist/config.js:34:12)
    at args (/Users/variel/codenation/react-15/node_modules/@testing-library/dom/dist/query-helpers.js:71:38)
    at getByTestId (/Users/variel/codenation/react-15/node_modules/@testing-library/dom/dist/query-helpers.js:54:17)
    at Object.it (/Users/variel/codenation/react-15/src/__tests__/submit.test.js:166:25)
    at Object.asyncJestTest (/Users/variel/codenation/react-15/node_modules/jest-jasmine2/build/jasmineAsyncInstall.js:102:37)
    at resolve (/Users/variel/codenation/react-15/node_modules/jest-jasmine2/build/queueRunner.js:43:12)
    at new Promise (&lt;anonymous&gt;)
    at mapper (/Users/variel/codenation/react-15/node_modules/jest-jasmine2/build/queueRunner.js:26:19)
    at promise.then (/Users/variel/codenation/react-15/node_modules/jest-jasmine2/build/queueRunner.js:73:41)
    at &lt;anonymous&gt;</failure>
    </testcase>
    <testcase classname="React Instagram APP Folder Strucutre and data-test-id attributes should should render properly the &lt;UserPosts&gt; component" name="React Instagram APP Folder Strucutre and data-test-id attributes should should render properly the &lt;UserPosts&gt; component" time="0.003">
      <failure>Error: Unable to find an element by: [data-testid=&quot;user-posts&quot;]

&lt;body&gt;
  &lt;div&gt;
    &lt;div
      class=&quot;container&quot;
    /&gt;
  &lt;/div&gt;
&lt;/body&gt;
    at Object.getElementError (/Users/variel/codenation/react-15/node_modules/@testing-library/dom/dist/config.js:34:12)
    at args (/Users/variel/codenation/react-15/node_modules/@testing-library/dom/dist/query-helpers.js:71:38)
    at getByTestId (/Users/variel/codenation/react-15/node_modules/@testing-library/dom/dist/query-helpers.js:54:17)
    at Object.it (/Users/variel/codenation/react-15/src/__tests__/submit.test.js:181:25)
    at Object.asyncJestTest (/Users/variel/codenation/react-15/node_modules/jest-jasmine2/build/jasmineAsyncInstall.js:102:37)
    at resolve (/Users/variel/codenation/react-15/node_modules/jest-jasmine2/build/queueRunner.js:43:12)
    at new Promise (&lt;anonymous&gt;)
    at mapper (/Users/variel/codenation/react-15/node_modules/jest-jasmine2/build/queueRunner.js:26:19)
    at promise.then (/Users/variel/codenation/react-15/node_modules/jest-jasmine2/build/queueRunner.js:73:41)
    at &lt;anonymous&gt;</failure>
    </testcase>
    <testcase classname="React Instagram APP Folder Strucutre and data-test-id attributes should should render properly the &lt;UserProfile&gt; component" name="React Instagram APP Folder Strucutre and data-test-id attributes should should render properly the &lt;UserProfile&gt; component" time="0.002">
      <failure>Error: Unable to find an element by: [data-testid=&quot;user-profile&quot;]

&lt;body&gt;
  &lt;div&gt;
    &lt;section
      class=&quot;profile&quot;
    /&gt;
  &lt;/div&gt;
&lt;/body&gt;
    at Object.getElementError (/Users/variel/codenation/react-15/node_modules/@testing-library/dom/dist/config.js:34:12)
    at args (/Users/variel/codenation/react-15/node_modules/@testing-library/dom/dist/query-helpers.js:71:38)
    at getByTestId (/Users/variel/codenation/react-15/node_modules/@testing-library/dom/dist/query-helpers.js:54:17)
    at Object.it (/Users/variel/codenation/react-15/src/__tests__/submit.test.js:198:25)
    at Object.asyncJestTest (/Users/variel/codenation/react-15/node_modules/jest-jasmine2/build/jasmineAsyncInstall.js:102:37)
    at resolve (/Users/variel/codenation/react-15/node_modules/jest-jasmine2/build/queueRunner.js:43:12)
    at new Promise (&lt;anonymous&gt;)
    at mapper (/Users/variel/codenation/react-15/node_modules/jest-jasmine2/build/queueRunner.js:26:19)
    at promise.then (/Users/variel/codenation/react-15/node_modules/jest-jasmine2/build/queueRunner.js:73:41)
    at &lt;anonymous&gt;</failure>
    </testcase>
  </testsuite>
</testsuites>